<?xml version="1.0" encoding="UTF-8"?>
<testng-results ignored="0" total="1" passed="1" failed="0" skipped="0">
  <reporter-output>
  </reporter-output>
  <suite started-at="2022-03-02T20:03:23 GMT" name="Prac.TestPWD" finished-at="2022-03-02T20:03:23 GMT" duration-ms="37">
    <groups>
    </groups>
    <test started-at="2022-03-02T20:03:23 GMT" name="Command line test" finished-at="2022-03-02T20:03:23 GMT" duration-ms="37">
      <class name="Prac.TestPWD">
        <test-method signature="text()[pri:0, instance:Prac.TestPWD@2fd66ad3]" started-at="2022-03-02T20:03:23 GMT" name="text" finished-at="2022-03-02T20:03:23 GMT" duration-ms="4" status="PASS">
          <reporter-output>
          </reporter-output>
        </test-method> <!-- text -->
      </class> <!-- Prac.TestPWD -->
    </test> <!-- Command line test -->
  </suite> <!-- Prac.TestPWD -->
</testng-results>
